<?xml version="1.0" encoding="UTF-8"?>
<!-- Generated by org.testng.reporters.JUnitReportReporter -->
<testsuite hostname="Manoj" failures="0" tests="3" name="TestNg.Priority" time="0.006" errors="0" timestamp="2023-08-12T14:56:48 IST" skipped="0">
  <testcase classname="TestNg.Priority" name="Demo3" time="0.002"/>
  <testcase classname="TestNg.Priority" name="demo" time="0.001"/>
  <testcase classname="TestNg.Priority" name="demo2" time="0.003"/>
</testsuite> <!-- TestNg.Priority -->
