<?xml version="1.0" encoding="UTF-8"?>
<!-- Generated by org.testng.reporters.JUnitReportReporter -->
<testsuite hostname="Manoj" failures="0" tests="2" name="TestNg.Invocation$Priority" time="0.013" errors="0" timestamp="2023-08-12T14:49:11 IST" skipped="0">
  <testcase classname="TestNg.Invocation$Priority" name="demo" time="0.012"/>
  <testcase classname="TestNg.Invocation$Priority" name="demo2" time="0.001"/>
</testsuite> <!-- TestNg.Invocation$Priority -->
