<?xml version="1.0" encoding="UTF-8"?>
<!-- Generated by org.testng.reporters.JUnitReportReporter -->
<testsuite hostname="Manoj" failures="0" tests="3" name="TestNg.DataProvider" time="8.451" errors="0" timestamp="2023-08-14T17:52:09 IST" skipped="0">
  <testcase classname="TestNg.DataProvider" name="demo" time="3.167"/>
  <testcase classname="TestNg.DataProvider" name="demo" time="2.781"/>
  <testcase classname="TestNg.DataProvider" name="demo" time="2.503"/>
</testsuite> <!-- TestNg.DataProvider -->
