<?xml version="1.0" encoding="UTF-8"?>
<!-- Generated by org.testng.reporters.JUnitReportReporter -->
<testsuite hostname="Manoj" failures="0" tests="1" name="TestNg_Fail.TestCaseFail_Facebook" time="4.593" errors="0" timestamp="2023-08-12T18:11:55 IST" skipped="0">
  <testcase classname="TestNg_Fail.TestCaseFail_Facebook" name="facebook" time="4.593"/>
</testsuite> <!-- TestNg_Fail.TestCaseFail_Facebook -->
