<?xml version="1.0" encoding="UTF-8"?>
<!-- Generated by org.testng.reporters.JUnitReportReporter -->
<testsuite hostname="Manoj" failures="0" tests="3" name="TestNg.PriorityEx2" time="0.011" errors="0" timestamp="2023-08-14T18:38:03 IST" skipped="0">
  <testcase classname="TestNg.PriorityEx2" name="kumar" time="0.007"/>
  <testcase classname="TestNg.PriorityEx2" name="bairi" time="0.002"/>
  <testcase classname="TestNg.PriorityEx2" name="manoj" time="0.002"/>
</testsuite> <!-- TestNg.PriorityEx2 -->
