<?xml version="1.0" encoding="UTF-8"?>
<!-- Generated by org.testng.reporters.JUnitReportReporter -->
<testsuite hostname="Manoj" failures="0" tests="2" name="TestNg_parallel.CrossBrowser_Amazon" time="12.496" errors="0" timestamp="2023-08-12T17:15:36 IST" skipped="0">
  <testcase classname="TestNg_parallel.CrossBrowser_Amazon" name="amazon" time="7.655"/>
  <testcase classname="TestNg_parallel.CrossBrowser_Amazon" name="amazon" time="4.841"/>
</testsuite> <!-- TestNg_parallel.CrossBrowser_Amazon -->
