<?xml version="1.0" encoding="UTF-8"?>
<!-- Generated by org.testng.reporters.JUnitReportReporter -->
<testsuite hostname="Manoj" failures="0" tests="3" name="TestNg.PriorityEx" time="0.004" errors="0" timestamp="2023-08-12T14:56:48 IST" skipped="1">
  <testcase classname="TestNg.PriorityEx" name="demo" time="0.002"/>
  <testcase classname="TestNg.PriorityEx" name="demo" time="0.002"/>
  <testcase classname="TestNg.PriorityEx" name="demo3">
    <skipped/>
  </testcase> <!-- demo3 -->
</testsuite> <!-- TestNg.PriorityEx -->
