<?xml version="1.0" encoding="UTF-8"?>
<!-- Generated by org.testng.reporters.JUnitReportReporter -->
<testsuite hostname="Manoj" failures="0" tests="1" name="TestNg_Group.Sample1" time="0.008" errors="0" timestamp="2023-08-14T16:43:33 IST" skipped="0">
  <testcase classname="TestNg_Group.Sample1" name="demo1" time="0.008"/>
</testsuite> <!-- TestNg_Group.Sample1 -->
