<?xml version="1.0" encoding="UTF-8"?>
<!-- Generated by org.testng.reporters.JUnitReportReporter -->
<testsuite hostname="Manoj" failures="0" tests="3" name="TestNg.Enabled" time="0.010" errors="0" timestamp="2023-08-12T15:22:33 IST" skipped="1">
  <testcase classname="TestNg.Enabled" name="B" time="0.009"/>
  <testcase classname="TestNg.Enabled" name="C" time="0.001"/>
  <testcase classname="TestNg.Enabled" name="A">
    <skipped/>
  </testcase> <!-- A -->
</testsuite> <!-- TestNg.Enabled -->
