<?xml version="1.0" encoding="UTF-8"?>
<!-- Generated by org.testng.reporters.JUnitReportReporter -->
<testsuite hostname="Manoj" failures="0" tests="6" name="TestNg.Invocation" time="0.023" errors="0" timestamp="2023-08-12T15:10:34 IST" skipped="0">
  <testcase classname="TestNg.Invocation" name="demo2" time="0.002"/>
  <testcase classname="TestNg.Invocation" name="demo1" time="0.016"/>
  <testcase classname="TestNg.Invocation" name="demo2" time="0.001"/>
  <testcase classname="TestNg.Invocation" name="demo1" time="0.001"/>
  <testcase classname="TestNg.Invocation" name="demo2" time="0.001"/>
  <testcase classname="TestNg.Invocation" name="demo2" time="0.002"/>
</testsuite> <!-- TestNg.Invocation -->
