<?xml version="1.0" encoding="UTF-8"?>
<!-- Generated by org.testng.reporters.JUnitReportReporter -->
<testsuite hostname="Manoj" failures="0" tests="1" name="TestNg.Annotations" time="3.901" errors="0" timestamp="2023-08-15T15:27:47 IST" skipped="0">
  <testcase classname="TestNg.Annotations" name="login" time="3.901"/>
</testsuite> <!-- TestNg.Annotations -->
