<?xml version="1.0" encoding="UTF-8"?>
<!-- Generated by org.testng.reporters.JUnitReportReporter -->
<testsuite hostname="Manoj" failures="0" tests="1" name="TestNg_parallel.Amazon_Distributes" time="6.798" errors="0" timestamp="2023-08-12T17:54:17 IST" skipped="0">
  <testcase classname="TestNg_parallel.Amazon_Distributes" name="amazon" time="6.798"/>
</testsuite> <!-- TestNg_parallel.Amazon_Distributes -->
