<?xml version="1.0" encoding="UTF-8"?>
<!-- Generated by org.testng.reporters.JUnitReportReporter -->
<testsuite hostname="Manoj" failures="0" tests="1" name="ScreenShots.Facebook_Distributed" time="5.047" errors="0" timestamp="2023-08-12T16:37:55 IST" skipped="0">
  <testcase classname="ScreenShots.Facebook_Distributed" name="facebook" time="5.047"/>
</testsuite> <!-- ScreenShots.Facebook_Distributed -->
