<?xml version="1.0" encoding="UTF-8"?>
<!-- Generated by org.testng.reporters.JUnitReportReporter -->
<testsuite hostname="Manoj" failures="0" tests="1" name="TestNg_parallel.Facebook_Distributes$Facebook_Distributed" time="4.871" errors="0" timestamp="2023-08-12T16:43:11 IST" skipped="0">
  <testcase classname="TestNg_parallel.Facebook_Distributes$Facebook_Distributed" name="facebook" time="4.871"/>
</testsuite> <!-- TestNg_parallel.Facebook_Distributes$Facebook_Distributed -->
