<?xml version="1.0" encoding="UTF-8"?>
<!-- Generated by org.testng.reporters.JUnitReportReporter -->
<testsuite hostname="Manoj" failures="0" tests="1" name="TestNg_Fail.TestCaseFail_Amazon" time="5.973" errors="0" timestamp="2023-08-12T18:10:23 IST" skipped="0">
  <testcase classname="TestNg_Fail.TestCaseFail_Amazon" name="amazon" time="5.973"/>
</testsuite> <!-- TestNg_Fail.TestCaseFail_Amazon -->
