<?xml version="1.0" encoding="UTF-8"?>
<!-- Generated by org.testng.reporters.JUnitReportReporter -->
<testsuite hostname="Manoj" failures="0" tests="1" name="TestNg.Assertions" time="3.863" errors="0" timestamp="2023-08-15T15:25:29 IST" skipped="0">
  <testcase classname="TestNg.Assertions" name="login" time="3.863"/>
</testsuite> <!-- TestNg.Assertions -->
